#
# There is insufficient memory for the Java Runtime Environment to continue.
# Native memory allocation (mmap) failed to map 264241152 bytes for Failed to commit area from 0x0000000705200000 to 0x0000000714e00000 of length 264241152.
# Possible reasons:
#   The system is out of physical RAM or swap space
#   The process is running with CompressedOops enabled, and the Java Heap may be blocking the growth of the native heap
# Possible solutions:
#   Reduce memory load on the system
#   Increase physical memory or swap space
#   Check if swap backing store is full
#   Decrease Java heap size (-Xmx/-Xms)
#   Decrease number of Java threads
#   Decrease Java thread stack sizes (-Xss)
#   Set larger code cache with -XX:ReservedCodeCacheSize=
# This output file may be truncated or incomplete.
#
#  Out of Memory Error (./src/hotspot/os/windows/os_windows.cpp:3301), pid=1424, tid=14080
#
# JRE version:  (11.0.10+9) (build )
# Java VM: Dynamic Code Evolution 64-Bit Server VM (11.0.10+9-b1341.41, mixed mode, sharing, tiered, compressed oops, g1 gc, windows-amd64)
# No core dump will be written. Minidumps are not enabled by default on client versions of Windows
#

---------------  S U M M A R Y ------------

Command Line: org.jetbrains.git4idea.http.GitAskPassApp Username for 'http://13.125.119.234': 

Host: Intel(R) Core(TM) i5-9400 CPU @ 2.90GHz, 6 cores, 15G,  Windows 10 , 64 bit Build 19041 (10.0.19041.1023)
Time: Wed Aug  4 00:45:30 2021 SE Asia Standard Time elapsed time: 0.009987 seconds (0d 0h 0m 0s)

---------------  T H R E A D  ---------------

Current thread (0x000001793045d000):  JavaThread "Unknown thread" [_thread_in_vm, id=14080, stack(0x0000001a3cb00000,0x0000001a3cc00000)]

Stack: [0x0000001a3cb00000,0x0000001a3cc00000]
Native frames: (J=compiled Java code, j=interpreted, Vv=VM code, C=native code)
V  [jvm.dll+0x5f84fa]
V  [jvm.dll+0x77e085]
V  [jvm.dll+0x77f5dd]
V  [jvm.dll+0x77fc93]
V  [jvm.dll+0x2457e8]
V  [jvm.dll+0x5f58f4]
V  [jvm.dll+0x5ea975]
V  [jvm.dll+0x30228b]
V  [jvm.dll+0x3021fa]
V  [jvm.dll+0x3020d2]
V  [jvm.dll+0x306fb6]
V  [jvm.dll+0x34f843]
V  [jvm.dll+0x34ff46]
V  [jvm.dll+0x34f943]
V  [jvm.dll+0x2dbcb8]
V  [jvm.dll+0x2dce57]
V  [jvm.dll+0x75c4d7]
V  [jvm.dll+0x75dd6c]
V  [jvm.dll+0x35cdb9]
V  [jvm.dll+0x73fc9e]
V  [jvm.dll+0x3c5663]
V  [jvm.dll+0x3c7a21]
C  [jli.dll+0x5373]
C  [ucrtbase.dll+0x21bb2]
C  [KERNEL32.DLL+0x17034]
C  [ntdll.dll+0x52651]


---------------  P R O C E S S  ---------------

Threads class SMR info:
_java_thread_list=0x00000179301f3130, length=0, elements={
}

Java Threads: ( => current thread )

Other Threads:
  0x0000017930475000 GCTaskThread "GC Thread#0" [stack: 0x0000001a3cc00000,0x0000001a3cd00000] [id=18132]
  0x00000179304d2800 ConcurrentGCThread "G1 Main Marker" [stack: 0x0000001a3cd00000,0x0000001a3ce00000] [id=17444]
  0x00000179304d4000 ConcurrentGCThread "G1 Conc#0" [stack: 0x0000001a3ce00000,0x0000001a3cf00000] [id=13420]

[error occurred during error reporting (printing all threads), id 0xc0000005, EXCEPTION_ACCESS_VIOLATION (0xc0000005) at pc=0x00007ffbb7f9c437]

VM state:not at safepoint (not fully initialized)

VM Mutex/Monitor currently owned by a thread:  ([mutex/lock_event])
[0x00000179304587d0] Heap_lock - owner thread: 0x000001793045d000

Heap address: 0x0000000705200000, size: 4014 MB, Compressed Oops mode: Non-zero based: 0x0000000705200000
Narrow klass base: 0x0000000000000000, Narrow klass shift: 0

GC Heap History (0 events):
No events

Deoptimization events (0 events):
No events

Classes redefined (0 events):
No events

Internal exceptions (0 events):
No events

Events (1 events):
Event: 0.007 Loaded shared library C:\Program Files\JetBrains\IntelliJ IDEA 2020.2.3\jbr\bin\zip.dll


Dynamic libraries:
0x00007ff78f7b0000 - 0x00007ff78f7ba000 	C:\Program Files\JetBrains\IntelliJ IDEA 2020.2.3\jbr\bin\java.exe
0x00007ffc161f0000 - 0x00007ffc163e5000 	C:\WINDOWS\SYSTEM32\ntdll.dll
0x00007ffc145d0000 - 0x00007ffc1468d000 	C:\WINDOWS\System32\KERNEL32.DLL
0x00007ffc13c40000 - 0x00007ffc13f09000 	C:\WINDOWS\System32\KERNELBASE.dll
0x00007ffc13ab0000 - 0x00007ffc13bb0000 	C:\WINDOWS\System32\ucrtbase.dll
0x00007ffc07450000 - 0x00007ffc07467000 	C:\Program Files\JetBrains\IntelliJ IDEA 2020.2.3\jbr\bin\VCRUNTIME140.dll
0x00007ffc07d90000 - 0x00007ffc07da9000 	C:\Program Files\JetBrains\IntelliJ IDEA 2020.2.3\jbr\bin\jli.dll
0x00007ffc14770000 - 0x00007ffc14910000 	C:\WINDOWS\System32\USER32.dll
0x00007ffc13c10000 - 0x00007ffc13c32000 	C:\WINDOWS\System32\win32u.dll
0x00007ffc156c0000 - 0x00007ffc156ea000 	C:\WINDOWS\System32\GDI32.dll
0x00007ffbfacc0000 - 0x00007ffbfaf5a000 	C:\WINDOWS\WinSxS\amd64_microsoft.windows.common-controls_6595b64144ccf1df_6.0.19041.1110_none_60b5254171f9507e\COMCTL32.dll
0x00007ffc14120000 - 0x00007ffc1422b000 	C:\WINDOWS\System32\gdi32full.dll
0x00007ffc14330000 - 0x00007ffc143ce000 	C:\WINDOWS\System32\msvcrt.dll
0x00007ffc13930000 - 0x00007ffc139cd000 	C:\WINDOWS\System32\msvcp_win.dll
0x00007ffc15080000 - 0x00007ffc150b0000 	C:\WINDOWS\System32\IMM32.DLL
0x00007ffbf8910000 - 0x00007ffbf89ad000 	C:\Program Files\JetBrains\IntelliJ IDEA 2020.2.3\jbr\bin\msvcp140.dll
0x00007ffbb7cb0000 - 0x00007ffbb87ff000 	C:\Program Files\JetBrains\IntelliJ IDEA 2020.2.3\jbr\bin\server\jvm.dll
0x00007ffc14fb0000 - 0x00007ffc1505c000 	C:\WINDOWS\System32\ADVAPI32.dll
0x00007ffc14920000 - 0x00007ffc149bb000 	C:\WINDOWS\System32\sechost.dll
0x00007ffc156f0000 - 0x00007ffc1581a000 	C:\WINDOWS\System32\RPCRT4.dll
0x00007ffc149c0000 - 0x00007ffc149c8000 	C:\WINDOWS\System32\PSAPI.DLL
0x00007ffc0f6d0000 - 0x00007ffc0f6d9000 	C:\WINDOWS\SYSTEM32\WSOCK32.dll
0x00007ffc14be0000 - 0x00007ffc14c4b000 	C:\WINDOWS\System32\WS2_32.dll
0x00007ffc01b50000 - 0x00007ffc01b77000 	C:\WINDOWS\SYSTEM32\WINMM.dll
0x00007ffc0eb30000 - 0x00007ffc0eb3a000 	C:\WINDOWS\SYSTEM32\VERSION.dll
0x00007ffc11840000 - 0x00007ffc11852000 	C:\WINDOWS\SYSTEM32\kernel.appcore.dll
0x00007ffc0f610000 - 0x00007ffc0f621000 	C:\Program Files\JetBrains\IntelliJ IDEA 2020.2.3\jbr\bin\verify.dll
0x00007ffc009d0000 - 0x00007ffc00bb4000 	C:\WINDOWS\SYSTEM32\DBGHELP.DLL
0x00007ffc008d0000 - 0x00007ffc008fc000 	C:\WINDOWS\SYSTEM32\dbgcore.DLL
0x00007ffc139d0000 - 0x00007ffc13a53000 	C:\WINDOWS\System32\bcryptPrimitives.dll
0x00007ffc07dc0000 - 0x00007ffc07de9000 	C:\Program Files\JetBrains\IntelliJ IDEA 2020.2.3\jbr\bin\java.dll
0x00007ffc0f6f0000 - 0x00007ffc0f6fb000 	C:\Program Files\JetBrains\IntelliJ IDEA 2020.2.3\jbr\bin\jimage.dll
0x00007ffc07c90000 - 0x00007ffc07ca8000 	C:\Program Files\JetBrains\IntelliJ IDEA 2020.2.3\jbr\bin\zip.dll

dbghelp: loaded successfully - version: 4.0.5 - missing functions: none
symbol engine: initialized successfully - sym options: 0x614 - pdb path: .;C:\Program Files\JetBrains\IntelliJ IDEA 2020.2.3\jbr\bin;C:\WINDOWS\SYSTEM32;C:\WINDOWS\WinSxS\amd64_microsoft.windows.common-controls_6595b64144ccf1df_6.0.19041.1110_none_60b5254171f9507e;C:\Program Files\JetBrains\IntelliJ IDEA 2020.2.3\jbr\bin\server

VM Arguments:
java_command: org.jetbrains.git4idea.http.GitAskPassApp Username for 'http://13.125.119.234': 
java_class_path (initial): C:/Program Files/JetBrains/IntelliJ IDEA 2020.2.3/plugins/git4idea/lib/git4idea-rt.jar;C:/Program Files/JetBrains/IntelliJ IDEA 2020.2.3/lib/xmlrpc-2.0.1.jar;C:/Program Files/JetBrains/IntelliJ IDEA 2020.2.3/lib/commons-codec-1.15.jar
Launcher Type: SUN_STANDARD

[Global flags]
     intx CICompilerCount                          = 3                                         {product} {ergonomic}
     uint ConcGCThreads                            = 2                                         {product} {ergonomic}
     uint G1ConcRefinementThreads                  = 6                                         {product} {ergonomic}
   size_t G1HeapRegionSize                         = 1048576                                   {product} {ergonomic}
    uintx GCDrainStackTargetSize                   = 64                                        {product} {ergonomic}
   size_t InitialHeapSize                          = 264241152                                 {product} {ergonomic}
   size_t MarkStackSize                            = 4194304                                   {product} {ergonomic}
   size_t MaxHeapSize                              = 4208984064                                {product} {ergonomic}
   size_t MinHeapDeltaBytes                        = 1048576                                   {product} {ergonomic}
    uintx NonNMethodCodeHeapSize                   = 5830732                                {pd product} {ergonomic}
    uintx NonProfiledCodeHeapSize                  = 122913754                              {pd product} {ergonomic}
    uintx ProfiledCodeHeapSize                     = 122913754                              {pd product} {ergonomic}
    uintx ReservedCodeCacheSize                    = 251658240                              {pd product} {ergonomic}
     bool SegmentedCodeCache                       = true                                      {product} {ergonomic}
     bool UseCompressedClassPointers               = true                                 {lp64_product} {ergonomic}
     bool UseCompressedOops                        = true                                 {lp64_product} {ergonomic}
     bool UseG1GC                                  = true                                      {product} {ergonomic}
     bool UseLargePagesIndividualAllocation        = false                                  {pd product} {ergonomic}

Logging:
Log output configuration:
 #0: stdout all=warning uptime,level,tags
 #1: stderr all=off uptime,level,tags

Environment Variables:
PATH=C:\Program Files\Git\mingw64\libexec\git-core;C:\Program Files\Git\mingw64\libexec\git-core;C:\Program Files\Git\mingw64\bin;C:\Program Files\Git\usr\bin;C:\Users\Admin\bin;C:\Program Files\Common Files\Oracle\Java\javapath;C:\Program Files (x86)\Common Files\Oracle\Java\javapath;C:\WINDOWS\system32;C:\WINDOWS;C:\WINDOWS\System32\Wbem;C:\WINDOWS\System32\WindowsPowerShell\v1.0;C:\WINDOWS\System32\OpenSSH;C:\Program Files\Java\jdk1.8.0_251\bin;C:\Program Files\Git\cmd;C:\Program Files\TortoiseGit\bin;C:\Program Files\nodejs;C:\Users\Admin\Downloads\cmder\vendor\init.bat;D:\configs\apache-maven-3.8.1\bin;C:\Users\Admin\Downloads\emacs-27.2-x86_64\bin;C:\ProgramData\chocolatey\bin;C:\Program Files\LLVM\bin;C:\Program Files\Docker\Docker\resources\bin;C:\ProgramData\DockerDesktop\version-bin;C:\Program Files\MySQL\MySQL Shell 8.0\bin;C:\Users\Admin\AppData\Local\Microsoft\WindowsApps;C:\Users\Admin\AppData\Local\Programs\Microsoft VS Code\bin;C:\Users\Admin\AppData\Roaming\npm
USERNAME=Admin
DISPLAY=:0.0
LC_ALL=en_US.UTF-8
OS=Windows_NT
PROCESSOR_IDENTIFIER=Intel64 Family 6 Model 158 Stepping 13, GenuineIntel



---------------  S Y S T E M  ---------------

OS: Windows 10 , 64 bit Build 19041 (10.0.19041.1023)
OS uptime: 14 days 13:58 hours
Hyper-V role detected

CPU:total 6 (initial active 6) (6 cores per cpu, 1 threads per core) family 6 model 158 stepping 13 microcode 0xb4, cmov, cx8, fxsr, mmx, sse, sse2, sse3, ssse3, sse4.1, sse4.2, popcnt, avx, avx2, aes, clmul, erms, 3dnowpref, lzcnt, tsc, tscinvbit, bmi1, bmi2, adx, fma

Memory: 4k page, system-wide physical 16049M (1601M free)
TotalPageFile size 31536M (AvailPageFile size 242M)
current process WorkingSet (physical memory assigned to process): 10M, peak: 10M
current process commit charge ("private bytes"): 56M, peak: 308M

vm_info: Dynamic Code Evolution 64-Bit Server VM (11.0.10+9-b1341.41) for windows-amd64 JRE (11.0.10+9-b1341.41), built on Apr 17 2021 07:18:15 by "" with MS VC++ 14.0 (VS2015)

END.
