#
# There is insufficient memory for the Java Runtime Environment to continue.
# Native memory allocation (mmap) failed to map 264241152 bytes for Failed to commit area from 0x0000000705200000 to 0x0000000714e00000 of length 264241152.
# Possible reasons:
#   The system is out of physical RAM or swap space
#   The process is running with CompressedOops enabled, and the Java Heap may be blocking the growth of the native heap
# Possible solutions:
#   Reduce memory load on the system
#   Increase physical memory or swap space
#   Check if swap backing store is full
#   Decrease Java heap size (-Xmx/-Xms)
#   Decrease number of Java threads
#   Decrease Java thread stack sizes (-Xss)
#   Set larger code cache with -XX:ReservedCodeCacheSize=
# This output file may be truncated or incomplete.
#
#  Out of Memory Error (./src/hotspot/os/windows/os_windows.cpp:3301), pid=16472, tid=20400
#
# JRE version:  (11.0.10+9) (build )
# Java VM: Dynamic Code Evolution 64-Bit Server VM (11.0.10+9-b1341.41, mixed mode, sharing, tiered, compressed oops, g1 gc, windows-amd64)
# No core dump will be written. Minidumps are not enabled by default on client versions of Windows
#

---------------  S U M M A R Y ------------

Command Line: org.jetbrains.git4idea.http.GitAskPassApp Username for 'http://13.125.119.234': 

Host: Intel(R) Core(TM) i5-9400 CPU @ 2.90GHz, 6 cores, 15G,  Windows 10 , 64 bit Build 19041 (10.0.19041.928)
Time: Mon May 10 12:35:29 2021 SE Asia Standard Time elapsed time: 0.009296 seconds (0d 0h 0m 0s)

---------------  T H R E A D  ---------------

Current thread (0x000001b41390b000):  JavaThread "Unknown thread" [_thread_in_vm, id=20400, stack(0x00000091ff600000,0x00000091ff700000)]

Stack: [0x00000091ff600000,0x00000091ff700000]
Native frames: (J=compiled Java code, j=interpreted, Vv=VM code, C=native code)
V  [jvm.dll+0x5f84fa]
V  [jvm.dll+0x77e085]
V  [jvm.dll+0x77f5dd]
V  [jvm.dll+0x77fc93]
V  [jvm.dll+0x2457e8]
V  [jvm.dll+0x5f58f4]
V  [jvm.dll+0x5ea975]
V  [jvm.dll+0x30228b]
V  [jvm.dll+0x3021fa]
V  [jvm.dll+0x3020d2]
V  [jvm.dll+0x306fb6]
V  [jvm.dll+0x34f843]
V  [jvm.dll+0x34ff46]
V  [jvm.dll+0x34f943]
V  [jvm.dll+0x2dbcb8]
V  [jvm.dll+0x2dce57]
V  [jvm.dll+0x75c4d7]
V  [jvm.dll+0x75dd6c]
V  [jvm.dll+0x35cdb9]
V  [jvm.dll+0x73fc9e]
V  [jvm.dll+0x3c5663]
V  [jvm.dll+0x3c7a21]
C  [jli.dll+0x5373]
C  [ucrtbase.dll+0x21bb2]
C  [KERNEL32.DLL+0x17034]
C  [ntdll.dll+0x52651]


---------------  P R O C E S S  ---------------

Threads class SMR info:
_java_thread_list=0x000001b411f10070, length=0, elements={
}

Java Threads: ( => current thread )

Other Threads:
  0x000001b413925000 GCTaskThread "GC Thread#0" [stack: 0x00000091ff700000,0x00000091ff800000] [id=13856]
  0x000001b413980000 ConcurrentGCThread "G1 Main Marker" [stack: 0x00000091ff800000,0x00000091ff900000] [id=15624]
  0x000001b413981000 ConcurrentGCThread "G1 Conc#0" [stack: 0x00000091ff900000,0x00000091ffa00000] [id=16828]

[error occurred during error reporting (printing all threads), id 0xc0000005, EXCEPTION_ACCESS_VIOLATION (0xc0000005) at pc=0x00007ffd6294c437]

VM state:not at safepoint (not fully initialized)

VM Mutex/Monitor currently owned by a thread:  ([mutex/lock_event])
[0x000001b413905e40] Heap_lock - owner thread: 0x000001b41390b000

Heap address: 0x0000000705200000, size: 4014 MB, Compressed Oops mode: Non-zero based: 0x0000000705200000
Narrow klass base: 0x0000000000000000, Narrow klass shift: 0

GC Heap History (0 events):
No events

Deoptimization events (0 events):
No events

Classes redefined (0 events):
No events

Internal exceptions (0 events):
No events

Events (1 events):
Event: 0.005 Loaded shared library C:\Program Files\JetBrains\IntelliJ IDEA 2020.2.3\jbr\bin\zip.dll


Dynamic libraries:
0x00007ff7e1450000 - 0x00007ff7e145a000 	C:\Program Files\JetBrains\IntelliJ IDEA 2020.2.3\jbr\bin\java.exe
0x00007ffdc1fb0000 - 0x00007ffdc21a5000 	C:\WINDOWS\SYSTEM32\ntdll.dll
0x00007ffdc0830000 - 0x00007ffdc08ed000 	C:\WINDOWS\System32\KERNEL32.DLL
0x00007ffdbf9d0000 - 0x00007ffdbfc98000 	C:\WINDOWS\System32\KERNELBASE.dll
0x00007ffdbfca0000 - 0x00007ffdbfda0000 	C:\WINDOWS\System32\ucrtbase.dll
0x00007ffda3e60000 - 0x00007ffda3e79000 	C:\Program Files\JetBrains\IntelliJ IDEA 2020.2.3\jbr\bin\jli.dll
0x00007ffd99d40000 - 0x00007ffd99d57000 	C:\Program Files\JetBrains\IntelliJ IDEA 2020.2.3\jbr\bin\VCRUNTIME140.dll
0x00007ffdc1dd0000 - 0x00007ffdc1f70000 	C:\WINDOWS\System32\USER32.dll
0x00007ffdbffe0000 - 0x00007ffdc0002000 	C:\WINDOWS\System32\win32u.dll
0x00007ffdc06f0000 - 0x00007ffdc071a000 	C:\WINDOWS\System32\GDI32.dll
0x00007ffda7d60000 - 0x00007ffda7ffa000 	C:\WINDOWS\WinSxS\amd64_microsoft.windows.common-controls_6595b64144ccf1df_6.0.19041.844_none_ca00b6081b84eb1d\COMCTL32.dll
0x00007ffdbf750000 - 0x00007ffdbf85b000 	C:\WINDOWS\System32\gdi32full.dll
0x00007ffdbf8e0000 - 0x00007ffdbf97d000 	C:\WINDOWS\System32\msvcp_win.dll
0x00007ffdc02e0000 - 0x00007ffdc037e000 	C:\WINDOWS\System32\msvcrt.dll
0x00007ffdc1da0000 - 0x00007ffdc1dd0000 	C:\WINDOWS\System32\IMM32.DLL
0x00007ffd59a40000 - 0x00007ffd59add000 	C:\Program Files\JetBrains\IntelliJ IDEA 2020.2.3\jbr\bin\msvcp140.dll
0x00007ffd62660000 - 0x00007ffd631af000 	C:\Program Files\JetBrains\IntelliJ IDEA 2020.2.3\jbr\bin\server\jvm.dll
0x00007ffdc0780000 - 0x00007ffdc082c000 	C:\WINDOWS\System32\ADVAPI32.dll
0x00007ffdc08f0000 - 0x00007ffdc098b000 	C:\WINDOWS\System32\sechost.dll
0x00007ffdc0390000 - 0x00007ffdc04bb000 	C:\WINDOWS\System32\RPCRT4.dll
0x00007ffdc0010000 - 0x00007ffdc0018000 	C:\WINDOWS\System32\PSAPI.DLL
0x00007ffdaf5c0000 - 0x00007ffdaf5e7000 	C:\WINDOWS\SYSTEM32\WINMM.dll
0x00007ffdab2c0000 - 0x00007ffdab2c9000 	C:\WINDOWS\SYSTEM32\WSOCK32.dll
0x00007ffdba6f0000 - 0x00007ffdba6fa000 	C:\WINDOWS\SYSTEM32\VERSION.dll
0x00007ffdc05f0000 - 0x00007ffdc065b000 	C:\WINDOWS\System32\WS2_32.dll
0x00007ffdbd610000 - 0x00007ffdbd622000 	C:\WINDOWS\SYSTEM32\kernel.appcore.dll
0x00007ffd954f0000 - 0x00007ffd95501000 	C:\Program Files\JetBrains\IntelliJ IDEA 2020.2.3\jbr\bin\verify.dll
0x00007ffdad6c0000 - 0x00007ffdad8a4000 	C:\WINDOWS\SYSTEM32\DBGHELP.DLL
0x00007ffdad600000 - 0x00007ffdad62c000 	C:\WINDOWS\SYSTEM32\dbgcore.DLL
0x00007ffdbf860000 - 0x00007ffdbf8e0000 	C:\WINDOWS\System32\bcryptPrimitives.dll
0x00007ffd92e60000 - 0x00007ffd92e89000 	C:\Program Files\JetBrains\IntelliJ IDEA 2020.2.3\jbr\bin\java.dll
0x00007ffdab080000 - 0x00007ffdab08b000 	C:\Program Files\JetBrains\IntelliJ IDEA 2020.2.3\jbr\bin\jimage.dll
0x00007ffd94d00000 - 0x00007ffd94d18000 	C:\Program Files\JetBrains\IntelliJ IDEA 2020.2.3\jbr\bin\zip.dll

dbghelp: loaded successfully - version: 4.0.5 - missing functions: none
symbol engine: initialized successfully - sym options: 0x614 - pdb path: .;C:\Program Files\JetBrains\IntelliJ IDEA 2020.2.3\jbr\bin;C:\WINDOWS\SYSTEM32;C:\WINDOWS\WinSxS\amd64_microsoft.windows.common-controls_6595b64144ccf1df_6.0.19041.844_none_ca00b6081b84eb1d;C:\Program Files\JetBrains\IntelliJ IDEA 2020.2.3\jbr\bin\server

VM Arguments:
java_command: org.jetbrains.git4idea.http.GitAskPassApp Username for 'http://13.125.119.234': 
java_class_path (initial): C:/Program Files/JetBrains/IntelliJ IDEA 2020.2.3/plugins/git4idea/lib/git4idea-rt.jar;C:/Program Files/JetBrains/IntelliJ IDEA 2020.2.3/lib/xmlrpc-2.0.1.jar;C:/Program Files/JetBrains/IntelliJ IDEA 2020.2.3/lib/commons-codec-1.15.jar
Launcher Type: SUN_STANDARD

[Global flags]
     intx CICompilerCount                          = 3                                         {product} {ergonomic}
     uint ConcGCThreads                            = 2                                         {product} {ergonomic}
     uint G1ConcRefinementThreads                  = 6                                         {product} {ergonomic}
   size_t G1HeapRegionSize                         = 1048576                                   {product} {ergonomic}
    uintx GCDrainStackTargetSize                   = 64                                        {product} {ergonomic}
   size_t InitialHeapSize                          = 264241152                                 {product} {ergonomic}
   size_t MarkStackSize                            = 4194304                                   {product} {ergonomic}
   size_t MaxHeapSize                              = 4208984064                                {product} {ergonomic}
   size_t MinHeapDeltaBytes                        = 1048576                                   {product} {ergonomic}
    uintx NonNMethodCodeHeapSize                   = 5830732                                {pd product} {ergonomic}
    uintx NonProfiledCodeHeapSize                  = 122913754                              {pd product} {ergonomic}
    uintx ProfiledCodeHeapSize                     = 122913754                              {pd product} {ergonomic}
    uintx ReservedCodeCacheSize                    = 251658240                              {pd product} {ergonomic}
     bool SegmentedCodeCache                       = true                                      {product} {ergonomic}
     bool UseCompressedClassPointers               = true                                 {lp64_product} {ergonomic}
     bool UseCompressedOops                        = true                                 {lp64_product} {ergonomic}
     bool UseG1GC                                  = true                                      {product} {ergonomic}
     bool UseLargePagesIndividualAllocation        = false                                  {pd product} {ergonomic}

Logging:
Log output configuration:
 #0: stdout all=warning uptime,level,tags
 #1: stderr all=off uptime,level,tags

Environment Variables:
PATH=C:\Program Files\Git\mingw64\libexec\git-core;C:\Program Files\Git\mingw64\libexec\git-core;C:\Program Files\Git\mingw64\bin;C:\Program Files\Git\usr\bin;C:\Users\Admin\bin;C:\Program Files\Common Files\Oracle\Java\javapath;C:\Program Files (x86)\Common Files\Oracle\Java\javapath;C:\WINDOWS\system32;C:\WINDOWS;C:\WINDOWS\System32\Wbem;C:\WINDOWS\System32\WindowsPowerShell\v1.0;C:\WINDOWS\System32\OpenSSH;C:\Program Files\Java\jdk1.8.0_251\bin;C:\Program Files\Git\cmd;C:\Program Files\TortoiseGit\bin;C:\Program Files\nodejs;C:\Users\Admin\Downloads\cmder\vendor\init.bat;D:\configs\apache-maven-3.8.1\bin;C:\Program Files\Docker\Docker\resources\bin;C:\ProgramData\DockerDesktop\version-bin;C:\Program Files\MySQL\MySQL Shell 8.0\bin;C:\Users\Admin\AppData\Local\Microsoft\WindowsApps;C:\Users\Admin\AppData\Local\Programs\Microsoft VS Code\bin;C:\Users\Admin\AppData\Roaming\npm
USERNAME=Admin
DISPLAY=:0.0
LC_ALL=en_US.UTF-8
OS=Windows_NT
PROCESSOR_IDENTIFIER=Intel64 Family 6 Model 158 Stepping 13, GenuineIntel



---------------  S Y S T E M  ---------------

OS: Windows 10 , 64 bit Build 19041 (10.0.19041.928)
OS uptime: 11 days 20:37 hours
Hyper-V role detected

CPU:total 6 (initial active 6) (6 cores per cpu, 1 threads per core) family 6 model 158 stepping 13 microcode 0xb4, cmov, cx8, fxsr, mmx, sse, sse2, sse3, ssse3, sse4.1, sse4.2, popcnt, avx, avx2, aes, clmul, erms, 3dnowpref, lzcnt, tsc, tscinvbit, bmi1, bmi2, adx, fma

Memory: 4k page, system-wide physical 16049M (1525M free)
TotalPageFile size 30209M (AvailPageFile size 181M)
current process WorkingSet (physical memory assigned to process): 10M, peak: 10M
current process commit charge ("private bytes"): 56M, peak: 308M

vm_info: Dynamic Code Evolution 64-Bit Server VM (11.0.10+9-b1341.41) for windows-amd64 JRE (11.0.10+9-b1341.41), built on Apr 17 2021 07:18:15 by "" with MS VC++ 14.0 (VS2015)

END.
